This is pdfTeX, Version 3.14159265-2.6-1.40.18 (TeX Live 2017/Debian) (preloaded format=pdflatex 2019.9.4)  12 SEP 2019 20:39
entering extended mode
 restricted \write18 enabled.
 %&-line parsing enabled.
**storyboardsketchup.tex
(./storyboardsketchup.tex
LaTeX2e <2017-04-15>
Babel <3.18> and hyphenation patterns for 3 language(s) loaded.
(/usr/share/texlive/texmf-dist/tex/latex/base/article.cls
Document Class: article 2014/09/29 v1.4h Standard LaTeX document class
(/usr/share/texlive/texmf-dist/tex/latex/base/size10.clo
File: size10.clo 2014/09/29 v1.4h Standard LaTeX file (size option)
)
\c@part=\count79
\c@section=\count80
\c@subsection=\count81
\c@subsubsection=\count82
\c@paragraph=\count83
\c@subparagraph=\count84
\c@figure=\count85
\c@table=\count86
\abovecaptionskip=\skip41
\belowcaptionskip=\skip42
\bibindent=\dimen102
)

! LaTeX Error: File `enumitem.sty' not found.

Type X to quit or <RETURN> to proceed,
or enter new name. (Default extension: sty)

Enter file name: 
(/usr/share/texlive/texmf-dist/tex/latex/graphics/graphicx.sty
Package: graphicx 2017/06/01 v1.1a Enhanced LaTeX Graphics (DPC,SPQR)

(/usr/share/texlive/texmf-dist/tex/latex/graphics/keyval.sty
Package: keyval 2014/10/28 v1.15 key=value parser (DPC)
\KV@toks@=\toks14
)
(/usr/share/texlive/texmf-dist/tex/latex/graphics/graphics.sty
Package: graphics 2017/06/25 v1.2c Standard LaTeX Graphics (DPC,SPQR)

(/usr/share/texlive/texmf-dist/tex/latex/graphics/trig.sty
Package: trig 2016/01/03 v1.10 sin cos tan (DPC)
)
(/usr/share/texlive/texmf-dist/tex/latex/graphics-cfg/graphics.cfg
File: graphics.cfg 2016/06/04 v1.11 sample graphics configuration
)
Package graphics Info: Driver file: pdftex.def on input line 99.

(/usr/share/texlive/texmf-dist/tex/latex/graphics-def/pdftex.def
File: pdftex.def 2018/01/08 v1.0l Graphics/color driver for pdftex
))
\Gin@req@height=\dimen103
\Gin@req@width=\dimen104
)
(./storyboardsketchup.aux)
\openout1 = `storyboardsketchup.aux'.

LaTeX Font Info:    Checking defaults for OML/cmm/m/it on input line 9.
LaTeX Font Info:    ... okay on input line 9.
LaTeX Font Info:    Checking defaults for T1/cmr/m/n on input line 9.
LaTeX Font Info:    ... okay on input line 9.
LaTeX Font Info:    Checking defaults for OT1/cmr/m/n on input line 9.
LaTeX Font Info:    ... okay on input line 9.
LaTeX Font Info:    Checking defaults for OMS/cmsy/m/n on input line 9.
LaTeX Font Info:    ... okay on input line 9.
LaTeX Font Info:    Checking defaults for OMX/cmex/m/n on input line 9.
LaTeX Font Info:    ... okay on input line 9.
LaTeX Font Info:    Checking defaults for U/cmr/m/n on input line 9.
LaTeX Font Info:    ... okay on input line 9.

(/usr/share/texlive/texmf-dist/tex/context/base/mkii/supp-pdf.mkii
[Loading MPS to PDF converter (version 2006.09.02).]
\scratchcounter=\count87
\scratchdimen=\dimen105
\scratchbox=\box26
\nofMPsegments=\count88
\nofMParguments=\count89
\everyMPshowfont=\toks15
\MPscratchCnt=\count90
\MPscratchDim=\dimen106
\MPnumerator=\count91
\makeMPintoPDFobject=\count92
\everyMPtoPDFconversion=\toks16
) (/usr/share/texlive/texmf-dist/tex/latex/oberdiek/epstopdf-base.sty
Package: epstopdf-base 2016/05/15 v2.6 Base part for package epstopdf

(/usr/share/texlive/texmf-dist/tex/generic/oberdiek/infwarerr.sty
Package: infwarerr 2016/05/16 v1.4 Providing info/warning/error messages (HO)
)
(/usr/share/texlive/texmf-dist/tex/latex/oberdiek/grfext.sty
Package: grfext 2016/05/16 v1.2 Manage graphics extensions (HO)

(/usr/share/texlive/texmf-dist/tex/generic/oberdiek/kvdefinekeys.sty
Package: kvdefinekeys 2016/05/16 v1.4 Define keys (HO)

(/usr/share/texlive/texmf-dist/tex/generic/oberdiek/ltxcmds.sty
Package: ltxcmds 2016/05/16 v1.23 LaTeX kernel commands for general use (HO)
)))
(/usr/share/texlive/texmf-dist/tex/latex/oberdiek/kvoptions.sty
Package: kvoptions 2016/05/16 v3.12 Key value format for package options (HO)

(/usr/share/texlive/texmf-dist/tex/generic/oberdiek/kvsetkeys.sty
Package: kvsetkeys 2016/05/16 v1.17 Key value parser (HO)

(/usr/share/texlive/texmf-dist/tex/generic/oberdiek/etexcmds.sty
Package: etexcmds 2016/05/16 v1.6 Avoid name clashes with e-TeX commands (HO)

(/usr/share/texlive/texmf-dist/tex/generic/oberdiek/ifluatex.sty
Package: ifluatex 2016/05/16 v1.4 Provides the ifluatex switch (HO)
Package ifluatex Info: LuaTeX not detected.
)
Package etexcmds Info: Could not find \expanded.
(etexcmds)             That can mean that you are not using pdfTeX 1.50 or
(etexcmds)             that some package has redefined \expanded.
(etexcmds)             In the latter case, load this package earlier.
)))
(/usr/share/texlive/texmf-dist/tex/generic/oberdiek/pdftexcmds.sty
Package: pdftexcmds 2018/01/21 v0.26 Utility functions of pdfTeX for LuaTeX (HO
)

(/usr/share/texlive/texmf-dist/tex/generic/oberdiek/ifpdf.sty
Package: ifpdf 2017/03/15 v3.2 Provides the ifpdf switch
)
Package pdftexcmds Info: LuaTeX not detected.
Package pdftexcmds Info: \pdf@primitive is available.
Package pdftexcmds Info: \pdf@ifprimitive is available.
Package pdftexcmds Info: \pdfdraftmode found.
)
Package epstopdf-base Info: Redefining graphics rule for `.eps' on input line 4
38.
Package grfext Info: Graphics extension search list:
(grfext)             [.pdf,.png,.jpg,.mps,.jpeg,.jbig2,.jb2,.PDF,.PNG,.JPG,.JPE
G,.JBIG2,.JB2,.eps]
(grfext)             \AppendGraphicsExtensions on input line 456.

(/usr/share/texlive/texmf-dist/tex/latex/latexconfig/epstopdf-sys.cfg
File: epstopdf-sys.cfg 2010/07/13 v1.3 Configuration of (r)epstopdf for TeX Liv
e
))
LaTeX Font Info:    External font `cmex10' loaded for size
(Font)              <12> on input line 11.
LaTeX Font Info:    External font `cmex10' loaded for size
(Font)              <8> on input line 11.
LaTeX Font Info:    External font `cmex10' loaded for size
(Font)              <6> on input line 11.
LaTeX Font Info:    Try loading font information for OMS+cmr on input line 21.

(/usr/share/texlive/texmf-dist/tex/latex/base/omscmr.fd
File: omscmr.fd 2014/09/29 v2.5h Standard LaTeX font definitions
)
LaTeX Font Info:    Font shape `OMS/cmr/m/n' in size <10> not available
(Font)              Font shape `OMS/cmsy/m/n' tried instead on input line 21.
LaTeX Font Info:    External font `cmex10' loaded for size
(Font)              <7> on input line 42.
LaTeX Font Info:    External font `cmex10' loaded for size
(Font)              <5> on input line 42.
 [1

{/var/lib/texmf/fonts/map/pdftex/updmap/pdftex.map}] [2]
Overfull \hbox (111.44524pt too wide) in paragraph at lines 101--121
[][] 
 []

<./pictures/homepage.png, id=15, 366.70334pt x 486.14958pt>
File: ./pictures/homepage.png Graphic file (type png)
<use ./pictures/homepage.png>
Package pdftex.def Info: ./pictures/homepage.png  used on input line 133.
(pdftex.def)             Requested size: 345.0pt x 457.38866pt.
<./pictures/homepage_mobile.png, id=17, 215.80624pt x 402.16917pt>
File: ./pictures/homepage_mobile.png Graphic file (type png)
<use ./pictures/homepage_mobile.png>
Package pdftex.def Info: ./pictures/homepage_mobile.png  used on input line 139
.
(pdftex.def)             Requested size: 345.0pt x 642.99902pt.

LaTeX Warning: Float too large for page by 116.94347pt on input line 142.

<./pictures/login.png, id=18, 369.71458pt x 335.58708pt>
File: ./pictures/login.png Graphic file (type png)
<use ./pictures/login.png>
Package pdftex.def Info: ./pictures/login.png  used on input line 145.
(pdftex.def)             Requested size: 345.0pt x 313.1732pt.
<./pictures/login_mobile.png, id=19, 213.79875pt x 395.4775pt>
File: ./pictures/login_mobile.png Graphic file (type png)
<use ./pictures/login_mobile.png>
Package pdftex.def Info: ./pictures/login_mobile.png  used on input line 151.
(pdftex.def)             Requested size: 345.0pt x 638.214pt.

LaTeX Warning: Float too large for page by 112.15845pt on input line 154.

<./pictures/profile_product.png, id=20, 352.98541pt x 639.38875pt>
File: ./pictures/profile_product.png Graphic file (type png)
<use ./pictures/profile_product.png>
Package pdftex.def Info: ./pictures/profile_product.png  used on input line 157
.
(pdftex.def)             Requested size: 345.0pt x 624.94788pt.

LaTeX Warning: Float too large for page by 98.89232pt on input line 160.

File: ./pictures/profile_product.png Graphic file (type png)
<use ./pictures/profile_product.png>
Package pdftex.def Info: ./pictures/profile_product.png  used on input line 163
.
(pdftex.def)             Requested size: 345.0pt x 624.94788pt.

LaTeX Warning: Float too large for page by 98.89232pt on input line 166.

<./pictures/create_page.png, id=21, 346.29375pt x 586.52458pt>
File: ./pictures/create_page.png Graphic file (type png)
<use ./pictures/create_page.png>
Package pdftex.def Info: ./pictures/create_page.png  used on input line 169.
(pdftex.def)             Requested size: 345.0pt x 584.34837pt.

LaTeX Warning: Float too large for page by 58.29282pt on input line 172.

<./pictures/create_page_mobile.png, id=22, 214.13333pt x 401.16542pt>
File: ./pictures/create_page_mobile.png Graphic file (type png)
<use ./pictures/create_page_mobile.png>
Package pdftex.def Info: ./pictures/create_page_mobile.png  used on input line 
175.
(pdftex.def)             Requested size: 345.0pt x 646.35855pt.

LaTeX Warning: Float too large for page by 120.303pt on input line 178.

<./pictures/product.png, id=23, 351.3125pt x 474.10458pt>
File: ./pictures/product.png Graphic file (type png)
<use ./pictures/product.png>
Package pdftex.def Info: ./pictures/product.png  used on input line 181.
(pdftex.def)             Requested size: 345.0pt x 465.62488pt.
<./pictures/product_mobile.png, id=24, 316.51584pt x 394.13916pt>
File: ./pictures/product_mobile.png Graphic file (type png)
<use ./pictures/product_mobile.png>
Package pdftex.def Info: ./pictures/product_mobile.png  used on input line 187.

(pdftex.def)             Requested size: 345.0pt x 429.62721pt.
[3] [4 <./pictures/homepage.png>] [5 <./pictures/homepage_mobile.png>] [6 <./pi
ctures/login.png>] [7 <./pictures/login_mobile.png>] [8 <./pictures/profile_pro
duct.png>] [9] [10 <./pictures/create_page.png>] [11 <./pictures/create_page_mo
bile.png>] [12 <./pictures/product.png>] [13 <./pictures/product_mobile.png>]
File: ./pictures/homepage.png Graphic file (type png)
<use ./pictures/homepage.png>
Package pdftex.def Info: ./pictures/homepage.png  used on input line 195.
(pdftex.def)             Requested size: 345.0pt x 457.38866pt.
File: ./pictures/homepage_mobile.png Graphic file (type png)
<use ./pictures/homepage_mobile.png>
Package pdftex.def Info: ./pictures/homepage_mobile.png  used on input line 201
.
(pdftex.def)             Requested size: 345.0pt x 642.99902pt.


LaTeX Warning: Float too large for page by 116.94347pt on input line 204.

<./pictures/search_results.png, id=69, 315.51208pt x 384.77083pt>
File: ./pictures/search_results.png Graphic file (type png)
<use ./pictures/search_results.png>
Package pdftex.def Info: ./pictures/search_results.png  used on input line 207.

(pdftex.def)             Requested size: 345.0pt x 420.74225pt.
<./pictures/search_results_mobile.png, id=70, 212.46042pt x 394.47375pt>
File: ./pictures/search_results_mobile.png Graphic file (type png)
<use ./pictures/search_results_mobile.png>
Package pdftex.def Info: ./pictures/search_results_mobile.png  used on input li
ne 213.
(pdftex.def)             Requested size: 345.0pt x 640.62099pt.

LaTeX Warning: Float too large for page by 114.56543pt on input line 216.

File: ./pictures/product.png Graphic file (type png)
<use ./pictures/product.png>
Package pdftex.def Info: ./pictures/product.png  used on input line 219.
(pdftex.def)             Requested size: 345.0pt x 465.62488pt.
File: ./pictures/product_mobile.png Graphic file (type png)
<use ./pictures/product_mobile.png>
Package pdftex.def Info: ./pictures/product_mobile.png  used on input line 225.

(pdftex.def)             Requested size: 345.0pt x 429.62721pt.
<./pictures/shopping_cart.png, id=71, 394.47375pt x 415.5525pt>
File: ./pictures/shopping_cart.png Graphic file (type png)
<use ./pictures/shopping_cart.png>
Package pdftex.def Info: ./pictures/shopping_cart.png  used on input line 231.
(pdftex.def)             Requested size: 345.0pt x 363.43634pt.
<./pictures/shopping_cart_mobile.png, id=72, 255.28708pt x 397.81958pt>
File: ./pictures/shopping_cart_mobile.png Graphic file (type png)
<use ./pictures/shopping_cart_mobile.png>
Package pdftex.def Info: ./pictures/shopping_cart_mobile.png  used on input lin
e 237.
(pdftex.def)             Requested size: 345.0pt x 537.62814pt.

LaTeX Warning: Float too large for page by 11.57259pt on input line 240.

<./pictures/checkout.png, id=73, 350.30875pt x 335.2525pt>
File: ./pictures/checkout.png Graphic file (type png)
<use ./pictures/checkout.png>
Package pdftex.def Info: ./pictures/checkout.png  used on input line 243.
(pdftex.def)             Requested size: 345.0pt x 330.19241pt.
<./pictures/checkout_mobile.png, id=74, 212.12584pt x 390.45876pt>
File: ./pictures/checkout_mobile.png Graphic file (type png)
<use ./pictures/checkout_mobile.png>
Package pdftex.def Info: ./pictures/checkout_mobile.png  used on input line 249
.
(pdftex.def)             Requested size: 345.0pt x 635.03607pt.

LaTeX Warning: Float too large for page by 108.98051pt on input line 252.

<./pictures/confirmation.png, id=75, 343.2825pt x 384.43625pt>
File: ./pictures/confirmation.png Graphic file (type png)
<use ./pictures/confirmation.png>
Package pdftex.def Info: ./pictures/confirmation.png  used on input line 255.
(pdftex.def)             Requested size: 345.0pt x 386.35934pt.
<./pictures/confirmation_mobile.png, id=76, 211.45667pt x 388.45125pt>
File: ./pictures/confirmation_mobile.png Graphic file (type png)
<use ./pictures/confirmation_mobile.png>
Package pdftex.def Info: ./pictures/confirmation_mobile.png  used on input line
 261.
(pdftex.def)             Requested size: 345.0pt x 633.82785pt.

LaTeX Warning: Float too large for page by 107.7723pt on input line 264.

[14] [15] [16] [17 <./pictures/search_results.png>] [18 <./pictures/search_resu
lts_mobile.png>] [19] [20] [21 <./pictures/shopping_cart.png>] [22 <./pictures/
shopping_cart_mobile.png>] [23 <./pictures/checkout.png>] [24 <./pictures/check
out_mobile.png>] [25 <./pictures/confirmation.png>] [26 <./pictures/confirmatio
n_mobile.png>] (./storyboardsketchup.aux) ) 
Here is how much of TeX's memory you used:
 1568 strings out of 494923
 23847 string characters out of 6180743
 83720 words of memory out of 5000000
 4872 multiletter control sequences out of 15000+600000
 7280 words of font info for 26 fonts, out of 8000000 for 9000
 14 hyphenation exceptions out of 8191
 41i,8n,25p,316b,311s stack positions out of 5000i,500n,10000p,200000b,80000s
</usr/share/texlive/texmf-dist/fonts
/type1/public/amsfonts/cm/cmbx12.pfb></usr/share/texlive/texmf-dist/fonts/type1
/public/amsfonts/cm/cmmi10.pfb></usr/share/texlive/texmf-dist/fonts/type1/publi
c/amsfonts/cm/cmr10.pfb></usr/share/texlive/texmf-dist/fonts/type1/public/amsfo
nts/cm/cmr12.pfb></usr/share/texlive/texmf-dist/fonts/type1/public/amsfonts/cm/
cmr17.pfb></usr/share/texlive/texmf-dist/fonts/type1/public/amsfonts/cm/cmsy10.
pfb>
Output written on storyboardsketchup.pdf (26 pages, 4916818 bytes).
PDF statistics:
 147 PDF objects out of 1000 (max. 8388607)
 78 compressed objects within 1 object stream
 0 named destinations out of 1000 (max. 500000)
 86 words of extra memory for PDF output out of 10000 (max. 10000000)

